<?xml version="1.0" encoding="UTF-8"?>
<!-- Generated by org.testng.reporters.JUnitReportReporter -->
<testsuite hostname="AlenaBook" failures="0" tests="4" name="testLayer.LoginTest" time="27.352" errors="0" timestamp="2023-06-22T10:56:12 EDT" skipped="0">
  <testcase classname="testLayer.LoginTest" name="Title" time="3.943"/>
  <system-out/>
  <testcase classname="testLayer.LoginTest" name="Login" time="7.435"/>
  <system-out/>
  <testcase classname="testLayer.LoginTest" name="Login" time="7.477"/>
  <system-out/>
  <testcase classname="testLayer.LoginTest" name="Login" time="8.497"/>
  <system-out/>
</testsuite> <!-- testLayer.LoginTest -->
