<?xml version="1.0" encoding="UTF-8"?>
<!-- Generated by org.testng.reporters.JUnitReportReporter -->
<testsuite hostname="AlenaBook" failures="0" tests="4" name="testLayer.LoginTest" time="28.050" errors="0" timestamp="2023-06-22T13:56:19 EDT" skipped="0">
  <testcase classname="testLayer.LoginTest" name="Title" time="5.542"/>
  <system-out/>
  <testcase classname="testLayer.LoginTest" name="Login" time="8.551"/>
  <system-out/>
  <testcase classname="testLayer.LoginTest" name="Login" time="7.083"/>
  <system-out/>
  <testcase classname="testLayer.LoginTest" name="Login" time="6.874"/>
  <system-out/>
</testsuite> <!-- testLayer.LoginTest -->
